Using pre-set license
Built from '2020.3/staging' branch; Version is '2020.3.5f1 (8095aa901b9b) revision 8426922'; Using compiler version '192528614'; Build Type 'Release'
OS: 'Windows 10 Home; OS build 22000.795; Version 2009; 64bit' Language: 'en' Physical Memory: 7834 MB
BatchMode: 1, IsHumanControllingUs: 0, StartBugReporterOnCrash: 0, Is64bit: 1, IsPro: 0

 COMMAND LINE ARGUMENTS:
C:\Program Files\Unity\Hub\Editor\2020.3.5f1\Editor\Unity.exe
-adb2
-batchMode
-noUpm
-name
AssetImportWorker0
-projectPath
C:/Users/luker/Dice2
-logFile
Logs/AssetImportWorker0.log
-srvPort
62046
Successfully changed project path to: C:/Users/luker/Dice2
C:/Users/luker/Dice2
Using Asset Import Pipeline V2.
Refreshing native plugins compatible for Editor in 33.73 ms, found 1 plugins.
Preloading 0 native plugins for Editor in 0.00 ms.
Initialize engine version: 2020.3.5f1 (8095aa901b9b)
[Subsystems] Discovering subsystems at path C:/Program Files/Unity/Hub/Editor/2020.3.5f1/Editor/Data/Resources/UnitySubsystems
[Subsystems] Discovering subsystems at path C:/Users/luker/Dice2/Assets
GfxDevice: creating device client; threaded=0
Direct3D:
    Version:  Direct3D 11.0 [level 11.1]
    Renderer: Intel(R) UHD Graphics (ID=0x9a78)
    Vendor:   
    VRAM:     3917 MB
    Driver:   30.0.101.1029
Initialize mono
Mono path[0] = 'C:/Program Files/Unity/Hub/Editor/2020.3.5f1/Editor/Data/Managed'
Mono path[1] = 'C:/Program Files/Unity/Hub/Editor/2020.3.5f1/Editor/Data/MonoBleedingEdge/lib/mono/unityjit'
Mono config path = 'C:/Program Files/Unity/Hub/Editor/2020.3.5f1/Editor/Data/MonoBleedingEdge/etc'
Using monoOptions --debugger-agent=transport=dt_socket,embedding=1,server=y,suspend=n,address=127.0.0.1:56544
Begin MonoManager ReloadAssembly
Registering precompiled unity dll's ...
Register platform support module: C:/Program Files/Unity/Hub/Editor/2020.3.5f1/Editor/Data/PlaybackEngines/WebGLSupport/UnityEditor.WebGL.Extensions.dll
Register platform support module: C:/Program Files/Unity/Hub/Editor/2020.3.5f1/Editor/Data/PlaybackEngines/WindowsStandaloneSupport/UnityEditor.WindowsStandalone.Extensions.dll
Registered in 0.001678 seconds.
Native extension for WindowsStandalone target not found
Native extension for WebGL target not found
Refreshing native plugins compatible for Editor in 37.78 ms, found 1 plugins.
Preloading 0 native plugins for Editor in 0.00 ms.
Mono: successfully reloaded assembly
- Completed reload, in  1.117 seconds
Platform modules already initialized, skipping
Registering precompiled user dll's ...
Registered in 0.000874 seconds.
Begin MonoManager ReloadAssembly
Native extension for WindowsStandalone target not found
Native extension for WebGL target not found
Refreshing native plugins compatible for Editor in 35.59 ms, found 1 plugins.
Preloading 0 native plugins for Editor in 0.00 ms.
Mono: successfully reloaded assembly
- Completed reload, in  0.889 seconds
Platform modules already initialized, skipping
========================================================================
Worker process is ready to serve import requests
Launched and connected shader compiler UnityShaderCompiler.exe after 0.05 seconds
Refreshing native plugins compatible for Editor in 0.32 ms, found 1 plugins.
Preloading 0 native plugins for Editor in 0.00 ms.
Unloading 1808 Unused Serialized files (Serialized files now loaded: 0)
System memory in use before: 84.9 MB.
System memory in use after: 84.8 MB.

Unloading 24 unused Assets to reduce memory usage. Loaded Objects now: 2250.
Total: 2.242000 ms (FindLiveObjects: 0.160200 ms CreateObjectMapping: 0.056000 ms MarkObjects: 1.886500 ms  DeleteObjects: 0.138000 ms)

========================================================================
Received Import Request.
  path: Assets/Sprites/HAND.png
  artifactKey: Guid(7da2f1855630e514c8ce2886051172fc) Importer(815301076,1909f56bfc062723c751e8b465ee728b)
Start importing Assets/Sprites/HAND.png using Guid(7da2f1855630e514c8ce2886051172fc) Importer(815301076,1909f56bfc062723c751e8b465ee728b)  -> (artifact id: 'e38643478b03744f1ec4e3dc8c895b93') in 0.097892 seconds
  Import took 0.102079 seconds .

========================================================================
Received Import Request.
  Time since last request: 0.000237 seconds.
  path: Assets/Sprites/Dice6.png
  artifactKey: Guid(b2de870e8844c824cb29eb68c22cfec7) Importer(815301076,1909f56bfc062723c751e8b465ee728b)
Start importing Assets/Sprites/Dice6.png using Guid(b2de870e8844c824cb29eb68c22cfec7) Importer(815301076,1909f56bfc062723c751e8b465ee728b)  -> (artifact id: '9f9310e01a38734a844e3716e6304f05') in 0.014154 seconds
  Import took 0.020428 seconds .

========================================================================
Received Import Request.
  Time since last request: 4.939417 seconds.
  path: Assets/Sprites/HAND.png
  artifactKey: Guid(7da2f1855630e514c8ce2886051172fc) Importer(815301076,1909f56bfc062723c751e8b465ee728b)
Start importing Assets/Sprites/HAND.png using Guid(7da2f1855630e514c8ce2886051172fc) Importer(815301076,1909f56bfc062723c751e8b465ee728b)  -> (artifact id: 'bf75640f2f574bc2afdbdb230a80bc5d') in 0.021038 seconds
  Import took 0.025385 seconds .

========================================================================
Received Import Request.
  Time since last request: 0.000387 seconds.
  path: Assets/Sprites/Dice6.png
  artifactKey: Guid(b2de870e8844c824cb29eb68c22cfec7) Importer(815301076,1909f56bfc062723c751e8b465ee728b)
Start importing Assets/Sprites/Dice6.png using Guid(b2de870e8844c824cb29eb68c22cfec7) Importer(815301076,1909f56bfc062723c751e8b465ee728b)  -> (artifact id: '6acae54d2f539b28c77c685eb49d9e68') in 0.017277 seconds
  Import took 0.021060 seconds .

========================================================================
Received Import Request.
  Time since last request: 0.000288 seconds.
  path: Assets/Sprites/HAND.png
  artifactKey: Guid(7da2f1855630e514c8ce2886051172fc) Importer(815301076,1909f56bfc062723c751e8b465ee728b)
Start importing Assets/Sprites/HAND.png using Guid(7da2f1855630e514c8ce2886051172fc) Importer(815301076,1909f56bfc062723c751e8b465ee728b)  -> (artifact id: 'bf75640f2f574bc2afdbdb230a80bc5d') in 0.018301 seconds
  Import took 0.021681 seconds .

========================================================================
Received Import Request.
  Time since last request: 9.150147 seconds.
  path: Assets/Sprites/HAND.png
  artifactKey: Guid(7da2f1855630e514c8ce2886051172fc) Importer(815301076,1909f56bfc062723c751e8b465ee728b)
Start importing Assets/Sprites/HAND.png using Guid(7da2f1855630e514c8ce2886051172fc) Importer(815301076,1909f56bfc062723c751e8b465ee728b)  -> (artifact id: '68768584852aa7e9ffde94e1e8449bf2') in 0.015793 seconds
  Import took 0.019205 seconds .

========================================================================
Received Import Request.
  Time since last request: 0.000307 seconds.
  path: Assets/Sprites/Dice6.png
  artifactKey: Guid(b2de870e8844c824cb29eb68c22cfec7) Importer(815301076,1909f56bfc062723c751e8b465ee728b)
Start importing Assets/Sprites/Dice6.png using Guid(b2de870e8844c824cb29eb68c22cfec7) Importer(815301076,1909f56bfc062723c751e8b465ee728b)  -> (artifact id: '53350acf10261c71086975955e1b22f0') in 0.016165 seconds
  Import took 0.021011 seconds .

========================================================================
Received Import Request.
  Time since last request: 0.000298 seconds.
  path: Assets/Sprites/HAND.png
  artifactKey: Guid(7da2f1855630e514c8ce2886051172fc) Importer(815301076,1909f56bfc062723c751e8b465ee728b)
Start importing Assets/Sprites/HAND.png using Guid(7da2f1855630e514c8ce2886051172fc) Importer(815301076,1909f56bfc062723c751e8b465ee728b)  -> (artifact id: '68768584852aa7e9ffde94e1e8449bf2') in 0.017325 seconds
  Import took 0.020695 seconds .

========================================================================
Received Prepare
Registering precompiled user dll's ...
Registered in 0.000709 seconds.
Begin MonoManager ReloadAssembly
Native extension for WindowsStandalone target not found
Native extension for WebGL target not found
Refreshing native plugins compatible for Editor in 0.33 ms, found 1 plugins.
Preloading 0 native plugins for Editor in 0.00 ms.
Mono: successfully reloaded assembly
- Completed reload, in  0.773 seconds
Platform modules already initialized, skipping
Refreshing native plugins compatible for Editor in 0.34 ms, found 1 plugins.
Preloading 0 native plugins for Editor in 0.00 ms.
Unloading 1803 Unused Serialized files (Serialized files now loaded: 0)
System memory in use before: 87.9 MB.
System memory in use after: 87.9 MB.

Unloading 12 unused Assets to reduce memory usage. Loaded Objects now: 2262.
Total: 1.984900 ms (FindLiveObjects: 0.248200 ms CreateObjectMapping: 0.062100 ms MarkObjects: 1.567400 ms  DeleteObjects: 0.106200 ms)

========================================================================
Received Prepare
Registering precompiled user dll's ...
Registered in 0.000749 seconds.
Begin MonoManager ReloadAssembly
Native extension for WindowsStandalone target not found
Native extension for WebGL target not found
Refreshing native plugins compatible for Editor in 0.39 ms, found 1 plugins.
Preloading 0 native plugins for Editor in 0.00 ms.
Mono: successfully reloaded assembly
- Completed reload, in  0.857 seconds
Platform modules already initialized, skipping
Refreshing native plugins compatible for Editor in 0.45 ms, found 1 plugins.
Preloading 0 native plugins for Editor in 0.00 ms.
Unloading 1803 Unused Serialized files (Serialized files now loaded: 0)
System memory in use before: 87.9 MB.
System memory in use after: 87.9 MB.

Unloading 12 unused Assets to reduce memory usage. Loaded Objects now: 2266.
Total: 2.942300 ms (FindLiveObjects: 0.179100 ms CreateObjectMapping: 0.044800 ms MarkObjects: 2.553800 ms  DeleteObjects: 0.162900 ms)

========================================================================
Received Prepare
Registering precompiled user dll's ...
Registered in 0.002010 seconds.
Begin MonoManager ReloadAssembly
Native extension for WindowsStandalone target not found
Native extension for WebGL target not found
Refreshing native plugins compatible for Editor in 0.31 ms, found 1 plugins.
Preloading 0 native plugins for Editor in 0.00 ms.
Mono: successfully reloaded assembly
- Completed reload, in  0.787 seconds
Platform modules already initialized, skipping
Refreshing native plugins compatible for Editor in 0.48 ms, found 1 plugins.
Preloading 0 native plugins for Editor in 0.00 ms.
Unloading 1803 Unused Serialized files (Serialized files now loaded: 0)
System memory in use before: 88.0 MB.
System memory in use after: 87.9 MB.

Unloading 12 unused Assets to reduce memory usage. Loaded Objects now: 2270.
Total: 2.996800 ms (FindLiveObjects: 0.477000 ms CreateObjectMapping: 0.152100 ms MarkObjects: 2.228200 ms  DeleteObjects: 0.135700 ms)

========================================================================
Received Import Request.
  Time since last request: 458.450179 seconds.
  path: Assets/Scenes
  artifactKey: Guid(6300a9566b42c4542a3005f9df403b6d) Importer(815301076,1909f56bfc062723c751e8b465ee728b)
Start importing Assets/Scenes using Guid(6300a9566b42c4542a3005f9df403b6d) Importer(815301076,1909f56bfc062723c751e8b465ee728b)  -> (artifact id: 'aa5e8b45f11a0e642315a3a13d5f5f59') in 0.013657 seconds
  Import took 0.019582 seconds .

========================================================================
Received Import Request.
  Time since last request: 8.545199 seconds.
  path: Assets/Audio
  artifactKey: Guid(8f1b54561199e7449b15351c42f2a995) Importer(815301076,1909f56bfc062723c751e8b465ee728b)
Start importing Assets/Audio using Guid(8f1b54561199e7449b15351c42f2a995) Importer(815301076,1909f56bfc062723c751e8b465ee728b)  -> (artifact id: '8cd4129d0ba43d3c6f94db402027a924') in 0.007631 seconds
  Import took 0.011460 seconds .

========================================================================
Received Import Request.
  Time since last request: 6.837136 seconds.
  path: Assets/Audio/SFXs
  artifactKey: Guid(545db23eec8b3694c90e80a724b74a0f) Importer(815301076,1909f56bfc062723c751e8b465ee728b)
Start importing Assets/Audio/SFXs using Guid(545db23eec8b3694c90e80a724b74a0f) Importer(815301076,1909f56bfc062723c751e8b465ee728b)  -> (artifact id: '5b93d8dfc6562bf2c8c12a11e8cbe5b8') in 0.008458 seconds
  Import took 0.011614 seconds .

========================================================================
Received Import Request.
  Time since last request: 0.000944 seconds.
  path: Assets/Audio/SFXs
  artifactKey: Guid(545db23eec8b3694c90e80a724b74a0f) Importer(815301076,1909f56bfc062723c751e8b465ee728b)
Start importing Assets/Audio/SFXs using Guid(545db23eec8b3694c90e80a724b74a0f) Importer(815301076,1909f56bfc062723c751e8b465ee728b)  -> (artifact id: '5b93d8dfc6562bf2c8c12a11e8cbe5b8') in 0.002165 seconds
  Import took 0.006227 seconds .

========================================================================
Received Import Request.
  Time since last request: 5.966197 seconds.
  path: Assets/Audio/Music
  artifactKey: Guid(bb6b09ad13255da48a522bcbac6fc6db) Importer(815301076,1909f56bfc062723c751e8b465ee728b)
Start importing Assets/Audio/Music using Guid(bb6b09ad13255da48a522bcbac6fc6db) Importer(815301076,1909f56bfc062723c751e8b465ee728b)  -> (artifact id: '70d9e865537936cd108d1b59798e957f') in 0.007761 seconds
  Import took 0.012101 seconds .

========================================================================
Received Import Request.
  Time since last request: 6.631507 seconds.
  path: Assets/Audio/Music/gmtk2022demo.mp3
  artifactKey: Guid(dcfa18dfa07c4fb4287e3cf0d974a21e) Importer(815301076,1909f56bfc062723c751e8b465ee728b)
Start importing Assets/Audio/Music/gmtk2022demo.mp3 using Guid(dcfa18dfa07c4fb4287e3cf0d974a21e) Importer(815301076,1909f56bfc062723c751e8b465ee728b)  -> (artifact id: '1f07afe0e4ce4046007f60fb1573b943') in 0.060306 seconds
  Import took 0.063994 seconds .

========================================================================
Received Prepare
Registering precompiled user dll's ...
Registered in 0.000711 seconds.
Begin MonoManager ReloadAssembly
Native extension for WindowsStandalone target not found
Native extension for WebGL target not found
Refreshing native plugins compatible for Editor in 0.35 ms, found 1 plugins.
Preloading 0 native plugins for Editor in 0.00 ms.
Mono: successfully reloaded assembly
- Completed reload, in  0.758 seconds
Platform modules already initialized, skipping
Refreshing native plugins compatible for Editor in 0.31 ms, found 1 plugins.
Preloading 0 native plugins for Editor in 0.00 ms.
Unloading 1803 Unused Serialized files (Serialized files now loaded: 0)
System memory in use before: 88.0 MB.
System memory in use after: 88.0 MB.

Unloading 12 unused Assets to reduce memory usage. Loaded Objects now: 2280.
Total: 1.927100 ms (FindLiveObjects: 0.218100 ms CreateObjectMapping: 0.051500 ms MarkObjects: 1.511500 ms  DeleteObjects: 0.144900 ms)

========================================================================
Received Prepare
Registering precompiled user dll's ...
Registered in 0.001387 seconds.
Begin MonoManager ReloadAssembly
Native extension for WindowsStandalone target not found
Native extension for WebGL target not found
Refreshing native plugins compatible for Editor in 0.34 ms, found 1 plugins.
Preloading 0 native plugins for Editor in 0.00 ms.
Mono: successfully reloaded assembly
- Completed reload, in  0.832 seconds
Platform modules already initialized, skipping
Refreshing native plugins compatible for Editor in 0.31 ms, found 1 plugins.
Preloading 0 native plugins for Editor in 0.00 ms.
Unloading 1803 Unused Serialized files (Serialized files now loaded: 0)
System memory in use before: 88.0 MB.
System memory in use after: 88.0 MB.

Unloading 12 unused Assets to reduce memory usage. Loaded Objects now: 2284.
Total: 2.081400 ms (FindLiveObjects: 0.215900 ms CreateObjectMapping: 0.063600 ms MarkObjects: 1.688600 ms  DeleteObjects: 0.111800 ms)

========================================================================
Received Prepare
Registering precompiled user dll's ...
Registered in 0.000810 seconds.
Begin MonoManager ReloadAssembly
Native extension for WindowsStandalone target not found
Native extension for WebGL target not found
Refreshing native plugins compatible for Editor in 0.44 ms, found 1 plugins.
Preloading 0 native plugins for Editor in 0.00 ms.
Mono: successfully reloaded assembly
- Completed reload, in  0.827 seconds
Platform modules already initialized, skipping
Refreshing native plugins compatible for Editor in 0.32 ms, found 1 plugins.
Preloading 0 native plugins for Editor in 0.00 ms.
Unloading 1803 Unused Serialized files (Serialized files now loaded: 0)
System memory in use before: 88.1 MB.
System memory in use after: 88.0 MB.

Unloading 12 unused Assets to reduce memory usage. Loaded Objects now: 2288.
Total: 2.280200 ms (FindLiveObjects: 0.153700 ms CreateObjectMapping: 0.042800 ms MarkObjects: 1.908700 ms  DeleteObjects: 0.173700 ms)

========================================================================
Received Prepare
Registering precompiled user dll's ...
Registered in 0.001018 seconds.
Begin MonoManager ReloadAssembly
Native extension for WindowsStandalone target not found
Native extension for WebGL target not found
Refreshing native plugins compatible for Editor in 0.35 ms, found 1 plugins.
Preloading 0 native plugins for Editor in 0.00 ms.
Mono: successfully reloaded assembly
- Completed reload, in  0.834 seconds
Platform modules already initialized, skipping
Refreshing native plugins compatible for Editor in 0.36 ms, found 1 plugins.
Preloading 0 native plugins for Editor in 0.00 ms.
Unloading 1803 Unused Serialized files (Serialized files now loaded: 0)
System memory in use before: 88.1 MB.
System memory in use after: 88.0 MB.

Unloading 12 unused Assets to reduce memory usage. Loaded Objects now: 2292.
Total: 2.033200 ms (FindLiveObjects: 0.188300 ms CreateObjectMapping: 0.038500 ms MarkObjects: 1.692500 ms  DeleteObjects: 0.112800 ms)

========================================================================
Received Prepare
Registering precompiled user dll's ...
Registered in 0.000979 seconds.
Begin MonoManager ReloadAssembly
Native extension for WindowsStandalone target not found
Native extension for WebGL target not found
Refreshing native plugins compatible for Editor in 0.33 ms, found 1 plugins.
Preloading 0 native plugins for Editor in 0.00 ms.
Mono: successfully reloaded assembly
- Completed reload, in  0.858 seconds
Platform modules already initialized, skipping
Refreshing native plugins compatible for Editor in 0.36 ms, found 1 plugins.
Preloading 0 native plugins for Editor in 0.00 ms.
Unloading 1803 Unused Serialized files (Serialized files now loaded: 0)
System memory in use before: 88.1 MB.
System memory in use after: 88.1 MB.

Unloading 12 unused Assets to reduce memory usage. Loaded Objects now: 2296.
Total: 1.942400 ms (FindLiveObjects: 0.194900 ms CreateObjectMapping: 0.043900 ms MarkObjects: 1.594800 ms  DeleteObjects: 0.107200 ms)

========================================================================
Received Prepare
Registering precompiled user dll's ...
Registered in 0.000795 seconds.
Begin MonoManager ReloadAssembly
Native extension for WindowsStandalone target not found
Native extension for WebGL target not found
Refreshing native plugins compatible for Editor in 0.34 ms, found 1 plugins.
Preloading 0 native plugins for Editor in 0.00 ms.
Mono: successfully reloaded assembly
- Completed reload, in  0.767 seconds
Platform modules already initialized, skipping
Refreshing native plugins compatible for Editor in 0.31 ms, found 1 plugins.
Preloading 0 native plugins for Editor in 0.00 ms.
Unloading 1804 Unused Serialized files (Serialized files now loaded: 0)
System memory in use before: 88.1 MB.
System memory in use after: 88.1 MB.

Unloading 12 unused Assets to reduce memory usage. Loaded Objects now: 2301.
Total: 2.726100 ms (FindLiveObjects: 0.200900 ms CreateObjectMapping: 0.047700 ms MarkObjects: 2.334600 ms  DeleteObjects: 0.140900 ms)

========================================================================
Received Prepare
Registering precompiled user dll's ...
Registered in 0.000806 seconds.
Begin MonoManager ReloadAssembly
Native extension for WindowsStandalone target not found
Native extension for WebGL target not found
Refreshing native plugins compatible for Editor in 0.31 ms, found 1 plugins.
Preloading 0 native plugins for Editor in 0.00 ms.
Mono: successfully reloaded assembly
- Completed reload, in  0.782 seconds
Platform modules already initialized, skipping
Refreshing native plugins compatible for Editor in 0.34 ms, found 1 plugins.
Preloading 0 native plugins for Editor in 0.00 ms.
Unloading 1805 Unused Serialized files (Serialized files now loaded: 0)
System memory in use before: 88.1 MB.
System memory in use after: 88.1 MB.

Unloading 12 unused Assets to reduce memory usage. Loaded Objects now: 2306.
Total: 1.851200 ms (FindLiveObjects: 0.178500 ms CreateObjectMapping: 0.049500 ms MarkObjects: 1.501800 ms  DeleteObjects: 0.120200 ms)

========================================================================
Received Prepare
Registering precompiled user dll's ...
Registered in 0.000819 seconds.
Begin MonoManager ReloadAssembly
Native extension for WindowsStandalone target not found
Native extension for WebGL target not found
Refreshing native plugins compatible for Editor in 0.32 ms, found 1 plugins.
Preloading 0 native plugins for Editor in 0.00 ms.
Mono: successfully reloaded assembly
- Completed reload, in  0.774 seconds
Platform modules already initialized, skipping
Refreshing native plugins compatible for Editor in 0.34 ms, found 1 plugins.
Preloading 0 native plugins for Editor in 0.00 ms.
Unloading 1806 Unused Serialized files (Serialized files now loaded: 0)
System memory in use before: 88.2 MB.
System memory in use after: 88.1 MB.

Unloading 12 unused Assets to reduce memory usage. Loaded Objects now: 2311.
Total: 1.967200 ms (FindLiveObjects: 0.166400 ms CreateObjectMapping: 0.039800 ms MarkObjects: 1.632700 ms  DeleteObjects: 0.123700 ms)

========================================================================
Received Import Request.
  Time since last request: 779.004556 seconds.
  path: Assets/Scripts
  artifactKey: Guid(d72f15ef7f1d15f43b7e8121c4802dca) Importer(815301076,1909f56bfc062723c751e8b465ee728b)
Start importing Assets/Scripts using Guid(d72f15ef7f1d15f43b7e8121c4802dca) Importer(815301076,1909f56bfc062723c751e8b465ee728b)  -> (artifact id: '62e19d063cfb57f419433aee91d8b9dd') in 0.010688 seconds
  Import took 0.014505 seconds .

========================================================================
Received Import Request.
  Time since last request: 0.594176 seconds.
  path: Assets/Die.cs
  artifactKey: Guid(125919e66804f4f4c95a7ae9d02fbe36) Importer(815301076,1909f56bfc062723c751e8b465ee728b)
Start importing Assets/Die.cs using Guid(125919e66804f4f4c95a7ae9d02fbe36) Importer(815301076,1909f56bfc062723c751e8b465ee728b)  -> (artifact id: 'f5b85c1b07e128b2ec0af6be6ce5fa79') in 0.065741 seconds
  Import took 0.070421 seconds .

========================================================================
Received Import Request.
  Time since last request: 0.302849 seconds.
  path: Assets/Hand.cs
  artifactKey: Guid(fd34cb16c569b254ab0994bbeb4731e6) Importer(815301076,1909f56bfc062723c751e8b465ee728b)
Start importing Assets/Hand.cs using Guid(fd34cb16c569b254ab0994bbeb4731e6) Importer(815301076,1909f56bfc062723c751e8b465ee728b)  -> (artifact id: '3aea4bc8e4366f80975faf701e195647') in 0.006052 seconds
  Import took 0.009204 seconds .

========================================================================
Received Import Request.
  Time since last request: 0.000405 seconds.
  path: Assets/Hand.cs
  artifactKey: Guid(fd34cb16c569b254ab0994bbeb4731e6) Importer(815301076,1909f56bfc062723c751e8b465ee728b)
Start importing Assets/Hand.cs using Guid(fd34cb16c569b254ab0994bbeb4731e6) Importer(815301076,1909f56bfc062723c751e8b465ee728b)  -> (artifact id: '3aea4bc8e4366f80975faf701e195647') in 0.002918 seconds
  Import took 0.007044 seconds .

========================================================================
Received Prepare
Registering precompiled user dll's ...
Registered in 0.000746 seconds.
Begin MonoManager ReloadAssembly
Native extension for WindowsStandalone target not found
Native extension for WebGL target not found
Refreshing native plugins compatible for Editor in 0.32 ms, found 1 plugins.
Preloading 0 native plugins for Editor in 0.00 ms.
Mono: successfully reloaded assembly
- Completed reload, in  0.739 seconds
Platform modules already initialized, skipping
Refreshing native plugins compatible for Editor in 0.32 ms, found 1 plugins.
Preloading 0 native plugins for Editor in 0.00 ms.
Unloading 1806 Unused Serialized files (Serialized files now loaded: 0)
System memory in use before: 88.2 MB.
System memory in use after: 88.2 MB.

Unloading 12 unused Assets to reduce memory usage. Loaded Objects now: 2315.
Total: 2.074700 ms (FindLiveObjects: 0.278000 ms CreateObjectMapping: 0.086900 ms MarkObjects: 1.594000 ms  DeleteObjects: 0.114900 ms)

========================================================================
Received Prepare
Registering precompiled user dll's ...
Registered in 0.000976 seconds.
Begin MonoManager ReloadAssembly
Native extension for WindowsStandalone target not found
Native extension for WebGL target not found
Refreshing native plugins compatible for Editor in 0.36 ms, found 1 plugins.
Preloading 0 native plugins for Editor in 0.00 ms.
Mono: successfully reloaded assembly
- Completed reload, in  0.800 seconds
Platform modules already initialized, skipping
Refreshing native plugins compatible for Editor in 0.35 ms, found 1 plugins.
Preloading 0 native plugins for Editor in 0.00 ms.
Unloading 1806 Unused Serialized files (Serialized files now loaded: 0)
System memory in use before: 88.2 MB.
System memory in use after: 88.2 MB.

Unloading 12 unused Assets to reduce memory usage. Loaded Objects now: 2319.
Total: 2.045000 ms (FindLiveObjects: 0.193500 ms CreateObjectMapping: 0.053900 ms MarkObjects: 1.674900 ms  DeleteObjects: 0.121100 ms)

========================================================================
Received Import Request.
  Time since last request: 2425.380250 seconds.
  path: Assets/Sprites/dice1.png
  artifactKey: Guid(359fe9e6e81151f44b82aee1426bc398) Importer(815301076,1909f56bfc062723c751e8b465ee728b)
Start importing Assets/Sprites/dice1.png using Guid(359fe9e6e81151f44b82aee1426bc398) Importer(815301076,1909f56bfc062723c751e8b465ee728b)  -> (artifact id: 'dc79f146f0d3b09e03a8eeaaaa8becca') in 0.076805 seconds
  Import took 0.082139 seconds .

========================================================================
Received Import Request.
  Time since last request: 0.000287 seconds.
  path: Assets/Sprites/dice5.png
  artifactKey: Guid(5754520a653b7e04ab82596d1ecb372c) Importer(815301076,1909f56bfc062723c751e8b465ee728b)
Start importing Assets/Sprites/dice5.png using Guid(5754520a653b7e04ab82596d1ecb372c) Importer(815301076,1909f56bfc062723c751e8b465ee728b)  -> (artifact id: '6fff465f5afb9cb4c422a5d70f726d83') in 0.020045 seconds
  Import took 0.024426 seconds .

========================================================================
Received Import Request.
  Time since last request: 0.000530 seconds.
  path: Assets/Sprites/dice2.png
  artifactKey: Guid(cf77de981fca2b946b9ac604152db922) Importer(815301076,1909f56bfc062723c751e8b465ee728b)
Start importing Assets/Sprites/dice2.png using Guid(cf77de981fca2b946b9ac604152db922) Importer(815301076,1909f56bfc062723c751e8b465ee728b)  -> (artifact id: '8489e1981dd523477232ffdef0195be2') in 0.017291 seconds
  Import took 0.021478 seconds .

========================================================================
Received Import Request.
  Time since last request: 0.000240 seconds.
  path: Assets/Sprites/dice4.png
  artifactKey: Guid(a6aa22c59d860a34b85080f3b9c36dde) Importer(815301076,1909f56bfc062723c751e8b465ee728b)
Start importing Assets/Sprites/dice4.png using Guid(a6aa22c59d860a34b85080f3b9c36dde) Importer(815301076,1909f56bfc062723c751e8b465ee728b)  -> (artifact id: '5b04676684ea69b10d185202cb97465c') in 0.016097 seconds
  Import took 0.018898 seconds .

========================================================================
Received Import Request.
  Time since last request: 0.000311 seconds.
  path: Assets/Sprites/dice1.png
  artifactKey: Guid(359fe9e6e81151f44b82aee1426bc398) Importer(815301076,1909f56bfc062723c751e8b465ee728b)
Start importing Assets/Sprites/dice1.png using Guid(359fe9e6e81151f44b82aee1426bc398) Importer(815301076,1909f56bfc062723c751e8b465ee728b)  -> (artifact id: 'dc79f146f0d3b09e03a8eeaaaa8becca') in 0.015212 seconds
  Import took 0.018689 seconds .

========================================================================
Received Import Request.
  Time since last request: 0.000367 seconds.
  path: Assets/Sprites/dice62.png
  artifactKey: Guid(453fc1cace52e494392fc8066015f7e1) Importer(815301076,1909f56bfc062723c751e8b465ee728b)
Start importing Assets/Sprites/dice62.png using Guid(453fc1cace52e494392fc8066015f7e1) Importer(815301076,1909f56bfc062723c751e8b465ee728b)  -> (artifact id: '4885ef8974fd212c9b671b8f1607c916') in 0.018013 seconds
  Import took 0.024413 seconds .

========================================================================
Received Import Request.
  Time since last request: 26.781690 seconds.
  path: Assets/Sprites/dice5.png
  artifactKey: Guid(5754520a653b7e04ab82596d1ecb372c) Importer(815301076,1909f56bfc062723c751e8b465ee728b)
Start importing Assets/Sprites/dice5.png using Guid(5754520a653b7e04ab82596d1ecb372c) Importer(815301076,1909f56bfc062723c751e8b465ee728b)  -> (artifact id: '3e7152f3c4b25dd59f348c9f8ea4c9a6') in 0.024359 seconds
  Import took 0.031300 seconds .

========================================================================
Received Import Request.
  Time since last request: 0.000253 seconds.
  path: Assets/Sprites/dice1.png
  artifactKey: Guid(359fe9e6e81151f44b82aee1426bc398) Importer(815301076,1909f56bfc062723c751e8b465ee728b)
Start importing Assets/Sprites/dice1.png using Guid(359fe9e6e81151f44b82aee1426bc398) Importer(815301076,1909f56bfc062723c751e8b465ee728b)  -> (artifact id: '0681e0b7dbcfdf99e729cf8bec32811f') in 0.020667 seconds
  Import took 0.025925 seconds .

========================================================================
Received Import Request.
  Time since last request: 0.000231 seconds.
  path: Assets/Sprites/dice2.png
  artifactKey: Guid(cf77de981fca2b946b9ac604152db922) Importer(815301076,1909f56bfc062723c751e8b465ee728b)
Start importing Assets/Sprites/dice2.png using Guid(cf77de981fca2b946b9ac604152db922) Importer(815301076,1909f56bfc062723c751e8b465ee728b)  -> (artifact id: '449f9b0487878665cd063c1b91390d63') in 0.020448 seconds
  Import took 0.027016 seconds .

========================================================================
Received Import Request.
  Time since last request: 0.000255 seconds.
  path: Assets/Sprites/dice4.png
  artifactKey: Guid(a6aa22c59d860a34b85080f3b9c36dde) Importer(815301076,1909f56bfc062723c751e8b465ee728b)
Start importing Assets/Sprites/dice4.png using Guid(a6aa22c59d860a34b85080f3b9c36dde) Importer(815301076,1909f56bfc062723c751e8b465ee728b)  -> (artifact id: '95455dd2f057a780834e947eb3b12543') in 0.021600 seconds
  Import took 0.025942 seconds .

========================================================================
Received Import Request.
  Time since last request: 0.000295 seconds.
  path: Assets/Sprites/dice62.png
  artifactKey: Guid(453fc1cace52e494392fc8066015f7e1) Importer(815301076,1909f56bfc062723c751e8b465ee728b)
Start importing Assets/Sprites/dice62.png using Guid(453fc1cace52e494392fc8066015f7e1) Importer(815301076,1909f56bfc062723c751e8b465ee728b)  -> (artifact id: '59cd67cddde4112df76b1d3691a15880') in 0.015278 seconds
  Import took 0.020670 seconds .

========================================================================
Received Import Request.
  Time since last request: 28.986933 seconds.
  path: Assets/Sprites/dice3.png
  artifactKey: Guid(bd7735474f626494e80e7b11dfddcc5f) Importer(815301076,1909f56bfc062723c751e8b465ee728b)
Start importing Assets/Sprites/dice3.png using Guid(bd7735474f626494e80e7b11dfddcc5f) Importer(815301076,1909f56bfc062723c751e8b465ee728b)  -> (artifact id: '97cfcf447e5e305e1410291af0a86ed5') in 0.016956 seconds
  Import took 0.020715 seconds .

========================================================================
Received Import Request.
  Time since last request: 6.427416 seconds.
  path: Assets/Sprites/dice3.png
  artifactKey: Guid(bd7735474f626494e80e7b11dfddcc5f) Importer(815301076,1909f56bfc062723c751e8b465ee728b)
Start importing Assets/Sprites/dice3.png using Guid(bd7735474f626494e80e7b11dfddcc5f) Importer(815301076,1909f56bfc062723c751e8b465ee728b)  -> (artifact id: '426cb7bfc84df668681e05b569c8d7e1') in 0.015273 seconds
  Import took 0.019005 seconds .

AssetImportWorkerClient::OnTransportError - code=2 error=End of file
